<?xml version="1.0" encoding="UTF-8"?>
<testsuite xmlns:xsi="http://www.w3.org/2001/XMLSchema-instance" xsi:noNamespaceSchemaLocation="https://maven.apache.org/surefire/maven-surefire-plugin/xsd/surefire-test-report-3.0.xsd" version="3.0" name="com.mediscreen.patientApi.service.PatientServiceImplTest" time="0.346" tests="12" errors="0" skipped="0" failures="0">
  <properties>
[...]
</properties>
  <testcase name="addPatient_ShouldSavedToRepository" classname="com.mediscreen.patientApi.service.PatientServiceImplTest" time="0.263">
    <system-out><![CDATA[11:54:59.255 [main] INFO com.mediscreen.patientApi.service.PatientServiceImpl -- Adding patient in data base.
]]></system-out>
  </testcase>
  <testcase name="deletePatient_shouldDeleteToRepository" classname="com.mediscreen.patientApi.service.PatientServiceImplTest" time="0.009">
    <system-out><![CDATA[11:54:59.285 [main] INFO com.mediscreen.patientApi.service.PatientServiceImpl -- Trying to delete patient in data base.
11:54:59.285 [main] INFO com.mediscreen.patientApi.service.PatientServiceImpl -- Trying to find patient by id in data base.
11:54:59.286 [main] INFO com.mediscreen.patientApi.service.PatientServiceImpl -- Patient has been found in data base.
11:54:59.287 [main] INFO com.mediscreen.patientApi.service.PatientServiceImpl -- Deleting patient in data base.
]]></system-out>
  </testcase>
  <testcase name="searchPatients_WithFirstnameOnly_ReturnsMatchingPatients" classname="com.mediscreen.patientApi.service.PatientServiceImplTest" time="0.005"/>
  <testcase name="findPatientById_shouldThrowPatientNotFundException" classname="com.mediscreen.patientApi.service.PatientServiceImplTest" time="0.007">
    <system-out><![CDATA[11:54:59.302 [main] INFO com.mediscreen.patientApi.service.PatientServiceImpl -- Trying to find patient by id in data base.
11:54:59.303 [main] ERROR com.mediscreen.patientApi.service.PatientServiceImpl -- Patient: 1 not found in data base !
]]></system-out>
  </testcase>
  <testcase name="searchPatients_WithFirstnameAndLastname_ShouldReturnsMatchingPatient" classname="com.mediscreen.patientApi.service.PatientServiceImplTest" time="0.005"/>
  <testcase name="updatePatient_shouldThrowPatientNotFundException" classname="com.mediscreen.patientApi.service.PatientServiceImplTest" time="0.006">
    <system-out><![CDATA[11:54:59.316 [main] INFO com.mediscreen.patientApi.service.PatientServiceImpl -- Trying to update patient in data base.
11:54:59.316 [main] ERROR com.mediscreen.patientApi.service.PatientServiceImpl -- Patient: 1 not found in data base !
]]></system-out>
  </testcase>
  <testcase name="findAllPatients_shouldReturnListOfPatientDto" classname="com.mediscreen.patientApi.service.PatientServiceImplTest" time="0.006">
    <system-out><![CDATA[11:54:59.324 [main] INFO com.mediscreen.patientApi.service.PatientServiceImpl -- Getting all patients in data base.
]]></system-out>
  </testcase>
  <testcase name="updatePatient_shouldSavedToRepository" classname="com.mediscreen.patientApi.service.PatientServiceImplTest" time="0.006">
    <system-out><![CDATA[11:54:59.331 [main] INFO com.mediscreen.patientApi.service.PatientServiceImpl -- Trying to update patient in data base.
11:54:59.332 [main] INFO com.mediscreen.patientApi.service.PatientServiceImpl -- Updating patient in data base.
]]></system-out>
  </testcase>
  <testcase name="deletePatient_shouldThrowPatientNotFundException" classname="com.mediscreen.patientApi.service.PatientServiceImplTest" time="0.006">
    <system-out><![CDATA[11:54:59.338 [main] INFO com.mediscreen.patientApi.service.PatientServiceImpl -- Trying to delete patient in data base.
11:54:59.339 [main] INFO com.mediscreen.patientApi.service.PatientServiceImpl -- Trying to find patient by id in data base.
11:54:59.339 [main] ERROR com.mediscreen.patientApi.service.PatientServiceImpl -- Patient: 1 not found in data base !
]]></system-out>
  </testcase>
  <testcase name="findPatientById_shouldReturnSpecificPatientDto" classname="com.mediscreen.patientApi.service.PatientServiceImplTest" time="0.006">
    <system-out><![CDATA[11:54:59.345 [main] INFO com.mediscreen.patientApi.service.PatientServiceImpl -- Trying to find patient by id in data base.
11:54:59.346 [main] INFO com.mediscreen.patientApi.service.PatientServiceImpl -- Patient has been found in data base.
]]></system-out>
  </testcase>
  <testcase name="testSearchPatients_WithoutParameters_ReturnsAllPatients" classname="com.mediscreen.patientApi.service.PatientServiceImplTest" time="0.004"/>
  <testcase name="searchPatients_WithLastnameOnly_ReturnsMatchingPatients" classname="com.mediscreen.patientApi.service.PatientServiceImplTest" time="0.003"/>
</testsuite>